BcastRecSinBcastStatReg/app/build/intermediates/manifest_merge_blame_file/debug/manifest-merger-blame-debug-report.txt
1<?xml version="1.0" encoding="utf-8"?>
2<manifest xmlns:android="http://schemas.android.com/apk/res/android"
3    package="course.examples.broadcastreceiver.singlebroadcaststaticregistration" >
4
5    <uses-sdk
6        android:minSdkVersion="23"
6-->src\main\AndroidManifest.xml
7        android:targetSdkVersion="28" />
7-->src\main\AndroidManifest.xml
8
9    <uses-permission android:name="android.permission.VIBRATE" />
9-->src\main\AndroidManifest.xml:5:4-65
9-->src\main\AndroidManifest.xml:5:21-62
10
11    <application
11-->src\main\AndroidManifest.xml:7:5-30:19
12        android:allowBackup="false"
12-->src\main\AndroidManifest.xml:8:9-36
13        android:debuggable="true"
14        android:icon="@mipmap/ic_launcher"
14-->src\main\AndroidManifest.xml:9:9-43
15        android:label="@string/app_name"
15-->src\main\AndroidManifest.xml:10:9-41
16        android:theme="@style/MaterialTheme" >
16-->src\main\AndroidManifest.xml:11:9-45
17        <activity
17-->src\main\AndroidManifest.xml:12:9-20:20
18            android:name="course.examples.broadcastreceiver.singlebroadcaststaticregistration.SimpleBroadcastActivity"
18-->src\main\AndroidManifest.xml:13:13-52
19            android:label="@string/app_name" >
19-->src\main\AndroidManifest.xml:14:13-45
20            <intent-filter>
20-->src\main\AndroidManifest.xml:15:13-19:29
21                <action android:name="android.intent.action.MAIN" />
21-->src\main\AndroidManifest.xml:16:17-69
21-->src\main\AndroidManifest.xml:16:25-66
22
23                <category android:name="android.intent.category.LAUNCHER" />
23-->src\main\AndroidManifest.xml:18:17-77
23-->src\main\AndroidManifest.xml:18:27-74
24            </intent-filter>
25        </activity>
26
27        <receiver
27-->src\main\AndroidManifest.xml:22:9-29:20
28            android:name="course.examples.broadcastreceiver.singlebroadcaststaticregistration.Receiver"
28-->src\main\AndroidManifest.xml:23:13-37
29            android:exported="false"
29-->src\main\AndroidManifest.xml:24:13-37
30            android:permission="android.permission.VIBRATE" >
30-->src\main\AndroidManifest.xml:25:13-60
31            <intent-filter>
31-->src\main\AndroidManifest.xml:26:13-28:29
32                <action android:name="course.examples.broadcastreceiver.singlebroadcaststaticregistration.SHOW_TOAST" />
32-->src\main\AndroidManifest.xml:27:17-121
32-->src\main\AndroidManifest.xml:27:25-118
33            </intent-filter>
34        </receiver>
35    </application>
36
37</manifest>